0 info it worked if it ends with ok
1 verbose cli [ '/usr/local/bin/node', '/usr/local/bin/npm', 'run', 'bundle' ]
2 info using npm@3.4.0
3 info using node@v5.0.0
4 verbose run-script [ 'prebundle', 'bundle', 'postbundle' ]
5 info lifecycle christmasmoviedatabase@1.0.0~prebundle: christmasmoviedatabase@1.0.0
6 silly lifecycle christmasmoviedatabase@1.0.0~prebundle: no script for prebundle, continuing
7 info lifecycle christmasmoviedatabase@1.0.0~bundle: christmasmoviedatabase@1.0.0
8 verbose lifecycle christmasmoviedatabase@1.0.0~bundle: unsafe-perm in lifecycle true
9 verbose lifecycle christmasmoviedatabase@1.0.0~bundle: PATH: /usr/local/lib/node_modules/npm/bin/node-gyp-bin:/Users/sallykingston/Assignments/bb-imdb/node_modules/.bin:/Users/sallykingston/.rbenv/shims:/Users/sallykingston/.rbenv/bin:/usr/local/bin:/usr/bin:/bin:/usr/sbin:/sbin:/usr/local/git/bin
10 verbose lifecycle christmasmoviedatabase@1.0.0~bundle: CWD: /Users/sallykingston/Assignments/bb-imdb
11 silly lifecycle christmasmoviedatabase@1.0.0~bundle: Args: [ '-c', 'browserify main.js -o bundle.js' ]
12 silly lifecycle christmasmoviedatabase@1.0.0~bundle: Returned: code: 1  signal: null
13 info lifecycle christmasmoviedatabase@1.0.0~bundle: Failed to exec bundle script
14 verbose stack Error: christmasmoviedatabase@1.0.0 bundle: `browserify main.js -o bundle.js`
14 verbose stack Exit status 1
14 verbose stack     at EventEmitter.<anonymous> (/usr/local/lib/node_modules/npm/lib/utils/lifecycle.js:232:16)
14 verbose stack     at emitTwo (events.js:87:13)
14 verbose stack     at EventEmitter.emit (events.js:172:7)
14 verbose stack     at ChildProcess.<anonymous> (/usr/local/lib/node_modules/npm/lib/utils/spawn.js:24:14)
14 verbose stack     at emitTwo (events.js:87:13)
14 verbose stack     at ChildProcess.emit (events.js:172:7)
14 verbose stack     at maybeClose (internal/child_process.js:818:16)
14 verbose stack     at Process.ChildProcess._handle.onexit (internal/child_process.js:211:5)
15 verbose pkgid christmasmoviedatabase@1.0.0
16 verbose cwd /Users/sallykingston/Assignments/bb-imdb
17 error Darwin 15.0.0
18 error argv "/usr/local/bin/node" "/usr/local/bin/npm" "run" "bundle"
19 error node v5.0.0
20 error npm  v3.4.0
21 error code ELIFECYCLE
22 error christmasmoviedatabase@1.0.0 bundle: `browserify main.js -o bundle.js`
22 error Exit status 1
23 error Failed at the christmasmoviedatabase@1.0.0 bundle script 'browserify main.js -o bundle.js'.
23 error Make sure you have the latest version of node.js and npm installed.
23 error If you do, this is most likely a problem with the christmasmoviedatabase package,
23 error not with npm itself.
23 error Tell the author that this fails on your system:
23 error     browserify main.js -o bundle.js
23 error You can get their info via:
23 error     npm owner ls christmasmoviedatabase
23 error There is likely additional logging output above.
24 verbose exit [ 1, true ]
